<?xml version="1.0" encoding="UTF-8"?>
<testsuite xmlns:xsi="http://www.w3.org/2001/XMLSchema-instance" xsi:noNamespaceSchemaLocation="https://maven.apache.org/surefire/maven-surefire-plugin/xsd/surefire-test-report.xsd" version="3.0.2" name="org.cfs.boot_Project_01.BootProject01ApplicationTests" time="2.711" tests="1" errors="0" skipped="0" failures="0" flakes="0">
  <properties>
[...]
</properties>
  <testcase name="contextLoads" classname="org.cfs.boot_Project_01.BootProject01ApplicationTests" time="1.102">
    <system-out><![CDATA[12:58:00.904 [main] INFO org.springframework.test.context.support.AnnotationConfigContextLoaderUtils -- Could not detect default configuration classes for test class [org.cfs.boot_Project_01.BootProject01ApplicationTests]: BootProject01ApplicationTests does not declare any static, non-private, non-final, nested classes annotated with @Configuration.
12:58:01.049 [main] INFO org.springframework.boot.test.context.SpringBootTestContextBootstrapper -- Found @SpringBootConfiguration org.cfs.boot_Project_01.BootProject01Application for test class org.cfs.boot_Project_01.BootProject01ApplicationTests
12:58:01.169 [main] INFO org.springframework.test.context.support.AnnotationConfigContextLoaderUtils -- Could not detect default configuration classes for test class [org.cfs.boot_Project_01.BootProject01ApplicationTests]: BootProject01ApplicationTests does not declare any static, non-private, non-final, nested classes annotated with @Configuration.
12:58:01.171 [main] INFO org.springframework.boot.test.context.SpringBootTestContextBootstrapper -- Found @SpringBootConfiguration org.cfs.boot_Project_01.BootProject01Application for test class org.cfs.boot_Project_01.BootProject01ApplicationTests

  .   ____          _            __ _ _
 /\\ / ___'_ __ _ _(_)_ __  __ _ \ \ \ \
( ( )\___ | '_ | '_| | '_ \/ _` | \ \ \ \
 \\/  ___)| |_)| | | | | || (_| |  ) ) ) )
  '  |____| .__|_| |_|_| |_\__, | / / / /
 =========|_|==============|___/=/_/_/_/

 :: Spring Boot ::                (v4.0.5)

2026-03-28T12:58:01.635+05:30  INFO 15632 --- [boot-Project-01] [           main] o.c.b.BootProject01ApplicationTests      : Starting BootProject01ApplicationTests using Java 25.0.2 with PID 15632 (started by LOKOJIT in C:\SPRING-BOOT\boot-Project-01\boot-Project-01)
2026-03-28T12:58:01.637+05:30  INFO 15632 --- [boot-Project-01] [           main] o.c.b.BootProject01ApplicationTests      : No active profile set, falling back to 1 default profile: "default"
2026-03-28T12:58:02.204+05:30  INFO 15632 --- [boot-Project-01] [           main] o.c.b.BootProject01ApplicationTests      : Started BootProject01ApplicationTests in 0.936 seconds (process running for 2.642)
Email: you have got new message!
]]></system-out>
    <system-err><![CDATA[Mockito is currently self-attaching to enable the inline-mock-maker. This will no longer work in future releases of the JDK. Please add Mockito as an agent to your build as described in Mockito's documentation: https://javadoc.io/doc/org.mockito/mockito-core/latest/org.mockito/org/mockito/Mockito.html#0.3
WARNING: A Java agent has been loaded dynamically (C:\Users\LOKOJIT\.m2\repository\net\bytebuddy\byte-buddy-agent\1.17.8\byte-buddy-agent-1.17.8.jar)
WARNING: If a serviceability tool is in use, please run with -XX:+EnableDynamicAgentLoading to hide this warning
WARNING: If a serviceability tool is not in use, please run with -Djdk.instrument.traceUsage for more information
WARNING: Dynamic loading of agents will be disallowed by default in a future release
]]></system-err>
  </testcase>
</testsuite>